<?xml version="1.0" encoding="UTF-8"?>
<!-- Generated by org.testng.reporters.JUnitXMLReporter -->
<testsuite hostname="Shrutis-MBP-2" name="Default test" tests="5" failures="0" timestamp="22 Oct 2017 18:58:56 GMT" time="46.191" errors="0">
  <testcase name="@BeforeClass test" time="0.0" classname="test.LandingPageTest">
    <failure type="org.openqa.selenium.WebDriverException" message="Failed to connect to binary FirefoxBinary(/Applications/Firefox.app/Contents/MacOS/firefox-bin) on port 7055; process output follows: 
per@mozilla.org to /Applications/Firefox.app/Contents/Resources/browser/features/aushelper@mozilla.org.xpi
1508698693723	addons.xpi	INFO	Mapping clicktoplay-rollout@mozilla.org to /Applications/Firefox.app/Contents/Resources/browser/features/clicktoplay-rollout@mozilla.org.xpi
1508698693723	addons.xpi	INFO	Mapping e10srollout@mozilla.org to /Applications/Firefox.app/Contents/Resources/browser/features/e10srollout@mozilla.org.xpi
1508698693723	addons.xpi	INFO	Mapping firefox@getpocket.com to /Applications/Firefox.app/Contents/Resources/browser/features/firefox@getpocket.com.xpi
1508698693723	addons.xpi	INFO	Mapping followonsearch@mozilla.com to /Applications/Firefox.app/Contents/Resources/browser/features/followonsearch@mozilla.com.xpi
1508698693723	addons.xpi	INFO	Mapping formautofill@mozilla.org to /Applications/Firefox.app/Contents/Resources/browser/features/formautofill@mozilla.org.xpi
1508698693723	addons.xpi	INFO	Mapping onboarding@mozilla.org to /Applications/Firefox.app/Contents/Resources/browser/features/onboarding@mozilla.org.xpi
1508698693723	addons.xpi	INFO	Mapping screenshots@mozilla.org to /Applications/Firefox.app/Contents/Resources/browser/features/screenshots@mozilla.org.xpi
1508698693723	addons.xpi	INFO	Mapping shield-recipe-client@mozilla.org to /Applications/Firefox.app/Contents/Resources/browser/features/shield-recipe-client@mozilla.org.xpi
1508698693723	addons.xpi	INFO	Mapping webcompat@mozilla.org to /Applications/Firefox.app/Contents/Resources/browser/features/webcompat@mozilla.org.xpi
1508698693724	addons.xpi	DEBUG	Existing add-on activity-stream@mozilla.org in app-system-defaults
1508698693724	addons.xpi	DEBUG	Existing add-on aushelper@mozilla.org in app-system-defaults
1508698693724	addons.xpi	DEBUG	Existing add-on clicktoplay-rollout@mozilla.org in app-system-defaults
1508698693724	addons.xpi	DEBUG	Existing add-on e10srollout@mozilla.org in app-system-defaults
1508698693724	addons.xpi	DEBUG	Existing add-on firefox@getpocket.com in app-system-defaults
1508698693724	addons.xpi	DEBUG	Existing add-on followonsearch@mozilla.com in app-system-defaults
1508698693724	addons.xpi	DEBUG	Existing add-on formautofill@mozilla.org in app-system-defaults
1508698693725	addons.xpi	DEBUG	Existing add-on onboarding@mozilla.org in app-system-defaults
1508698693725	addons.xpi	DEBUG	Existing add-on screenshots@mozilla.org in app-system-defaults
1508698693725	addons.xpi	DEBUG	Existing add-on shield-recipe-client@mozilla.org in app-system-defaults
1508698693725	addons.xpi	DEBUG	Existing add-on webcompat@mozilla.org in app-system-defaults
1508698693725	addons.xpi	INFO	Mapping {22119944-ED35-4ab1-910B-E619EA06A115} to /Users/shruti/Library/Application Support/Mozilla/Extensions/{ec8030f7-c20a-464f-9b0e-13a3a9e97384}/{22119944-ED35-4ab1-910B-E619EA06A115}.xpi
1508698693726	addons.xpi	DEBUG	Existing add-on {22119944-ED35-4ab1-910B-E619EA06A115} in app-system-user
1508698693726	addons.xpi	INFO	Mapping {972ce4c6-7e08-4474-a285-3208198ce6fd} to /Applications/Firefox.app/Contents/Resources/browser/extensions/{972ce4c6-7e08-4474-a285-3208198ce6fd}.xpi
1508698693726	addons.xpi	DEBUG	Existing add-on {972ce4c6-7e08-4474-a285-3208198ce6fd} in app-global
1508698693726	addons.xpi	DEBUG	getInstallState changed: false, state: {}
1508698693952	addons.productaddons	INFO	sending request to: https://aus5.mozilla.org/update/3/GMP/56.0/20170926190823/Darwin_x86_64-gcc3/en-US/release/Darwin%2014.5.0/default/default/update.xml
1508698694178	addons.productaddons	INFO	Completed downloading document
1508698694474	addons.productaddons	INFO	downloadXHR File download. status=200
1508698694477	addons.productaddons	INFO	Downloaded file will be saved to /var/folders/_1/lszymc353qs74qcdj4kqqpjc0000gn/T/tmpaddon-5032b2
1508698695717	addons.productaddons	INFO	downloadXHR File download. status=200
1508698695718	addons.productaddons	INFO	Downloaded file will be saved to /var/folders/_1/lszymc353qs74qcdj4kqqpjc0000gn/T/tmpaddon-a9d9f6
1508698697657	DeferredSave.webext.sc.lz4	DEBUG	Starting write
1508698697659	DeferredSave.webext.sc.lz4	DEBUG	Write succeeded

Build info: version: &amp;apos;2.52.0&amp;apos;, revision: &amp;apos;4c2593c&amp;apos;, time: &amp;apos;2016-02-11 19:03:33&amp;apos;
System info: host: &amp;apos;Shrutis-MBP-2&amp;apos;, ip: &amp;apos;192.168.1.140&amp;apos;, os.name: &amp;apos;Mac OS X&amp;apos;, os.arch: &amp;apos;x86_64&amp;apos;, os.version: &amp;apos;10.10.5&amp;apos;, java.version: &amp;apos;1.8.0_45&amp;apos;
Driver info: driver.version: FirefoxDriver">
      <![CDATA[org.openqa.selenium.WebDriverException: Failed to connect to binary FirefoxBinary(/Applications/Firefox.app/Contents/MacOS/firefox-bin) on port 7055; process output follows: 
per@mozilla.org to /Applications/Firefox.app/Contents/Resources/browser/features/aushelper@mozilla.org.xpi
1508698693723	addons.xpi	INFO	Mapping clicktoplay-rollout@mozilla.org to /Applications/Firefox.app/Contents/Resources/browser/features/clicktoplay-rollout@mozilla.org.xpi
1508698693723	addons.xpi	INFO	Mapping e10srollout@mozilla.org to /Applications/Firefox.app/Contents/Resources/browser/features/e10srollout@mozilla.org.xpi
1508698693723	addons.xpi	INFO	Mapping firefox@getpocket.com to /Applications/Firefox.app/Contents/Resources/browser/features/firefox@getpocket.com.xpi
1508698693723	addons.xpi	INFO	Mapping followonsearch@mozilla.com to /Applications/Firefox.app/Contents/Resources/browser/features/followonsearch@mozilla.com.xpi
1508698693723	addons.xpi	INFO	Mapping formautofill@mozilla.org to /Applications/Firefox.app/Contents/Resources/browser/features/formautofill@mozilla.org.xpi
1508698693723	addons.xpi	INFO	Mapping onboarding@mozilla.org to /Applications/Firefox.app/Contents/Resources/browser/features/onboarding@mozilla.org.xpi
1508698693723	addons.xpi	INFO	Mapping screenshots@mozilla.org to /Applications/Firefox.app/Contents/Resources/browser/features/screenshots@mozilla.org.xpi
1508698693723	addons.xpi	INFO	Mapping shield-recipe-client@mozilla.org to /Applications/Firefox.app/Contents/Resources/browser/features/shield-recipe-client@mozilla.org.xpi
1508698693723	addons.xpi	INFO	Mapping webcompat@mozilla.org to /Applications/Firefox.app/Contents/Resources/browser/features/webcompat@mozilla.org.xpi
1508698693724	addons.xpi	DEBUG	Existing add-on activity-stream@mozilla.org in app-system-defaults
1508698693724	addons.xpi	DEBUG	Existing add-on aushelper@mozilla.org in app-system-defaults
1508698693724	addons.xpi	DEBUG	Existing add-on clicktoplay-rollout@mozilla.org in app-system-defaults
1508698693724	addons.xpi	DEBUG	Existing add-on e10srollout@mozilla.org in app-system-defaults
1508698693724	addons.xpi	DEBUG	Existing add-on firefox@getpocket.com in app-system-defaults
1508698693724	addons.xpi	DEBUG	Existing add-on followonsearch@mozilla.com in app-system-defaults
1508698693724	addons.xpi	DEBUG	Existing add-on formautofill@mozilla.org in app-system-defaults
1508698693725	addons.xpi	DEBUG	Existing add-on onboarding@mozilla.org in app-system-defaults
1508698693725	addons.xpi	DEBUG	Existing add-on screenshots@mozilla.org in app-system-defaults
1508698693725	addons.xpi	DEBUG	Existing add-on shield-recipe-client@mozilla.org in app-system-defaults
1508698693725	addons.xpi	DEBUG	Existing add-on webcompat@mozilla.org in app-system-defaults
1508698693725	addons.xpi	INFO	Mapping {22119944-ED35-4ab1-910B-E619EA06A115} to /Users/shruti/Library/Application Support/Mozilla/Extensions/{ec8030f7-c20a-464f-9b0e-13a3a9e97384}/{22119944-ED35-4ab1-910B-E619EA06A115}.xpi
1508698693726	addons.xpi	DEBUG	Existing add-on {22119944-ED35-4ab1-910B-E619EA06A115} in app-system-user
1508698693726	addons.xpi	INFO	Mapping {972ce4c6-7e08-4474-a285-3208198ce6fd} to /Applications/Firefox.app/Contents/Resources/browser/extensions/{972ce4c6-7e08-4474-a285-3208198ce6fd}.xpi
1508698693726	addons.xpi	DEBUG	Existing add-on {972ce4c6-7e08-4474-a285-3208198ce6fd} in app-global
1508698693726	addons.xpi	DEBUG	getInstallState changed: false, state: {}
1508698693952	addons.productaddons	INFO	sending request to: https://aus5.mozilla.org/update/3/GMP/56.0/20170926190823/Darwin_x86_64-gcc3/en-US/release/Darwin%2014.5.0/default/default/update.xml
1508698694178	addons.productaddons	INFO	Completed downloading document
1508698694474	addons.productaddons	INFO	downloadXHR File download. status=200
1508698694477	addons.productaddons	INFO	Downloaded file will be saved to /var/folders/_1/lszymc353qs74qcdj4kqqpjc0000gn/T/tmpaddon-5032b2
1508698695717	addons.productaddons	INFO	downloadXHR File download. status=200
1508698695718	addons.productaddons	INFO	Downloaded file will be saved to /var/folders/_1/lszymc353qs74qcdj4kqqpjc0000gn/T/tmpaddon-a9d9f6
1508698697657	DeferredSave.webext.sc.lz4	DEBUG	Starting write
1508698697659	DeferredSave.webext.sc.lz4	DEBUG	Write succeeded

Build info: version: '2.52.0', revision: '4c2593c', time: '2016-02-11 19:03:33'
System info: host: 'Shrutis-MBP-2', ip: '192.168.1.140', os.name: 'Mac OS X', os.arch: 'x86_64', os.version: '10.10.5', java.version: '1.8.0_45'
Driver info: driver.version: FirefoxDriver
	at org.openqa.selenium.firefox.internal.NewProfileExtensionConnection.start(NewProfileExtensionConnection.java:124)
	at org.openqa.selenium.firefox.FirefoxDriver.startClient(FirefoxDriver.java:271)
	at org.openqa.selenium.remote.RemoteWebDriver.<init>(RemoteWebDriver.java:119)
	at org.openqa.selenium.firefox.FirefoxDriver.<init>(FirefoxDriver.java:218)
	at org.openqa.selenium.firefox.FirefoxDriver.<init>(FirefoxDriver.java:211)
	at org.openqa.selenium.firefox.FirefoxDriver.<init>(FirefoxDriver.java:207)
	at org.openqa.selenium.firefox.FirefoxDriver.<init>(FirefoxDriver.java:120)
	at base.BasePage.<init>(BasePage.java:15)
	at pages.LandingPage.<init>(LandingPage.java:15)
	at test.LandingPageTest.test(LandingPageTest.java:24)
	at sun.reflect.NativeMethodAccessorImpl.invoke0(Native Method)
	at sun.reflect.NativeMethodAccessorImpl.invoke(NativeMethodAccessorImpl.java:62)
	at sun.reflect.DelegatingMethodAccessorImpl.invoke(DelegatingMethodAccessorImpl.java:43)
	at java.lang.reflect.Method.invoke(Method.java:497)
	at org.testng.internal.MethodInvocationHelper.invokeMethod(MethodInvocationHelper.java:84)
	at org.testng.internal.Invoker.invokeConfigurationMethod(Invoker.java:564)
	at org.testng.internal.Invoker.invokeConfigurations(Invoker.java:213)
	at org.testng.internal.Invoker.invokeConfigurations(Invoker.java:138)
	at org.testng.internal.TestMethodWorker.invokeBeforeClassMethods(TestMethodWorker.java:175)
	at org.testng.internal.TestMethodWorker.run(TestMethodWorker.java:107)
	at org.testng.TestRunner.privateRun(TestRunner.java:767)
	at org.testng.TestRunner.run(TestRunner.java:617)
	at org.testng.SuiteRunner.runTest(SuiteRunner.java:334)
	at org.testng.SuiteRunner.runSequentially(SuiteRunner.java:329)
	at org.testng.SuiteRunner.privateRun(SuiteRunner.java:291)
	at org.testng.SuiteRunner.run(SuiteRunner.java:240)
	at org.testng.SuiteRunnerWorker.runSuite(SuiteRunnerWorker.java:52)
	at org.testng.SuiteRunnerWorker.run(SuiteRunnerWorker.java:86)
	at org.testng.TestNG.runSuitesSequentially(TestNG.java:1224)
	at org.testng.TestNG.runSuitesLocally(TestNG.java:1149)
	at org.testng.TestNG.run(TestNG.java:1057)
	at org.testng.remote.RemoteTestNG.run(RemoteTestNG.java:115)
	at org.testng.remote.RemoteTestNG.initAndRun(RemoteTestNG.java:207)
	at org.testng.remote.RemoteTestNG.main(RemoteTestNG.java:178)
Caused by: org.openqa.selenium.firefox.NotConnectedException: Unable to connect to host 127.0.0.1 on port 7055 after 45000 ms. Firefox console output:
per@mozilla.org to /Applications/Firefox.app/Contents/Resources/browser/features/aushelper@mozilla.org.xpi
1508698693723	addons.xpi	INFO	Mapping clicktoplay-rollout@mozilla.org to /Applications/Firefox.app/Contents/Resources/browser/features/clicktoplay-rollout@mozilla.org.xpi
1508698693723	addons.xpi	INFO	Mapping e10srollout@mozilla.org to /Applications/Firefox.app/Contents/Resources/browser/features/e10srollout@mozilla.org.xpi
1508698693723	addons.xpi	INFO	Mapping firefox@getpocket.com to /Applications/Firefox.app/Contents/Resources/browser/features/firefox@getpocket.com.xpi
1508698693723	addons.xpi	INFO	Mapping followonsearch@mozilla.com to /Applications/Firefox.app/Contents/Resources/browser/features/followonsearch@mozilla.com.xpi
1508698693723	addons.xpi	INFO	Mapping formautofill@mozilla.org to /Applications/Firefox.app/Contents/Resources/browser/features/formautofill@mozilla.org.xpi
1508698693723	addons.xpi	INFO	Mapping onboarding@mozilla.org to /Applications/Firefox.app/Contents/Resources/browser/features/onboarding@mozilla.org.xpi
1508698693723	addons.xpi	INFO	Mapping screenshots@mozilla.org to /Applications/Firefox.app/Contents/Resources/browser/features/screenshots@mozilla.org.xpi
1508698693723	addons.xpi	INFO	Mapping shield-recipe-client@mozilla.org to /Applications/Firefox.app/Contents/Resources/browser/features/shield-recipe-client@mozilla.org.xpi
1508698693723	addons.xpi	INFO	Mapping webcompat@mozilla.org to /Applications/Firefox.app/Contents/Resources/browser/features/webcompat@mozilla.org.xpi
1508698693724	addons.xpi	DEBUG	Existing add-on activity-stream@mozilla.org in app-system-defaults
1508698693724	addons.xpi	DEBUG	Existing add-on aushelper@mozilla.org in app-system-defaults
1508698693724	addons.xpi	DEBUG	Existing add-on clicktoplay-rollout@mozilla.org in app-system-defaults
1508698693724	addons.xpi	DEBUG	Existing add-on e10srollout@mozilla.org in app-system-defaults
1508698693724	addons.xpi	DEBUG	Existing add-on firefox@getpocket.com in app-system-defaults
1508698693724	addons.xpi	DEBUG	Existing add-on followonsearch@mozilla.com in app-system-defaults
1508698693724	addons.xpi	DEBUG	Existing add-on formautofill@mozilla.org in app-system-defaults
1508698693725	addons.xpi	DEBUG	Existing add-on onboarding@mozilla.org in app-system-defaults
1508698693725	addons.xpi	DEBUG	Existing add-on screenshots@mozilla.org in app-system-defaults
1508698693725	addons.xpi	DEBUG	Existing add-on shield-recipe-client@mozilla.org in app-system-defaults
1508698693725	addons.xpi	DEBUG	Existing add-on webcompat@mozilla.org in app-system-defaults
1508698693725	addons.xpi	INFO	Mapping {22119944-ED35-4ab1-910B-E619EA06A115} to /Users/shruti/Library/Application Support/Mozilla/Extensions/{ec8030f7-c20a-464f-9b0e-13a3a9e97384}/{22119944-ED35-4ab1-910B-E619EA06A115}.xpi
1508698693726	addons.xpi	DEBUG	Existing add-on {22119944-ED35-4ab1-910B-E619EA06A115} in app-system-user
1508698693726	addons.xpi	INFO	Mapping {972ce4c6-7e08-4474-a285-3208198ce6fd} to /Applications/Firefox.app/Contents/Resources/browser/extensions/{972ce4c6-7e08-4474-a285-3208198ce6fd}.xpi
1508698693726	addons.xpi	DEBUG	Existing add-on {972ce4c6-7e08-4474-a285-3208198ce6fd} in app-global
1508698693726	addons.xpi	DEBUG	getInstallState changed: false, state: {}
1508698693952	addons.productaddons	INFO	sending request to: https://aus5.mozilla.org/update/3/GMP/56.0/20170926190823/Darwin_x86_64-gcc3/en-US/release/Darwin%2014.5.0/default/default/update.xml
1508698694178	addons.productaddons	INFO	Completed downloading document
1508698694474	addons.productaddons	INFO	downloadXHR File download. status=200
1508698694477	addons.productaddons	INFO	Downloaded file will be saved to /var/folders/_1/lszymc353qs74qcdj4kqqpjc0000gn/T/tmpaddon-5032b2
1508698695717	addons.productaddons	INFO	downloadXHR File download. status=200
1508698695718	addons.productaddons	INFO	Downloaded file will be saved to /var/folders/_1/lszymc353qs74qcdj4kqqpjc0000gn/T/tmpaddon-a9d9f6
1508698697657	DeferredSave.webext.sc.lz4	DEBUG	Starting write
1508698697659	DeferredSave.webext.sc.lz4	DEBUG	Write succeeded

	at org.openqa.selenium.firefox.internal.NewProfileExtensionConnection.start(NewProfileExtensionConnection.java:112)
	... 33 more
]]>
    </failure>
  </testcase> <!-- @BeforeClass test -->
  <testcase name="@AfterClass end" time="0.0" classname="test.LandingPageTest">
    <skipped/>
  </testcase> <!-- @AfterClass end -->
  <testcase name="headerCountTest" time="0.001" classname="test.LandingPageTest">
    <skipped/>
  </testcase> <!-- headerCountTest -->
  <testcase name="headerText" time="0.001" classname="test.LandingPageTest">
    <skipped/>
  </testcase> <!-- headerText -->
  <testcase name="footerTest" time="0.005" classname="test.LandingPageTest">
    <skipped/>
  </testcase> <!-- footerTest -->
  <testcase name="logoTest" time="0.002" classname="test.LandingPageTest">
    <skipped/>
  </testcase> <!-- logoTest -->
  <testcase name="urlTest" time="0.0" classname="test.LandingPageTest">
    <skipped/>
  </testcase> <!-- urlTest -->
</testsuite> <!-- Default test -->
